==========================Время вызова функции: 2023-05-30 05:45:46.121720==========================
Имя вызванной функции: hello_world
Аргументы вызванной функции: () и {}
Значение, возвращаемое функцией Hello World
==========================Время вызова функции: 2023-05-30 05:45:46.122830==========================
Имя вызванной функции: summator
Аргументы вызванной функции: (2, 2) и {}
Значение, возвращаемое функцией 4
==========================Время вызова функции: 2023-05-30 05:45:46.123121==========================
Имя вызванной функции: div
Аргументы вызванной функции: (6, 2) и {}
Значение, возвращаемое функцией 3.0
==========================Время вызова функции: 2023-05-30 05:45:46.123609==========================
Имя вызванной функции: summator
Аргументы вызванной функции: (4.3,) и {'b': 2.2}
Значение, возвращаемое функцией 6.5
==========================Время вызова функции: 2023-05-30 05:45:46.124095==========================
Имя вызванной функции: summator
Аргументы вызванной функции: () и {'a': 0, 'b': 0}
Значение, возвращаемое функцией 0
